<?xml version="1.0" encoding="UTF-8"?>
<!-- Generated by org.testng.reporters.JUnitReportReporter -->
<testsuite hostname="LAPTOP-JFJU5IPG" failures="0" tests="7" name="com.education.LibraryAPI.DynamicJson" time="3.574" errors="0" timestamp="21 Jan 2022 15:35:22 GMT" skipped="0">
  <testcase classname="com.education.LibraryAPI.DynamicJson" name="addBook" time="2.614"/>
  <testcase classname="com.education.LibraryAPI.DynamicJson" name="addBook" time="0.198"/>
  <testcase classname="com.education.LibraryAPI.DynamicJson" name="addBook" time="0.172"/>
  <testcase classname="com.education.LibraryAPI.DynamicJson" name="deleteBook" time="0.109"/>
  <testcase classname="com.education.LibraryAPI.DynamicJson" name="deleteBook" time="0.176"/>
  <testcase classname="com.education.LibraryAPI.DynamicJson" name="deleteBook" time="0.157"/>
  <testcase classname="com.education.LibraryAPI.DynamicJson" name="addPlaceWithJSONFile" time="0.148"/>
</testsuite> <!-- com.education.LibraryAPI.DynamicJson -->
